2024/06/21 20:24:16 Server started at 2024-06-21T20:24:16-07:00
2024/06/21 20:24:16 Starting secure server on :8080
2024/06/21 20:24:40 Server started at 2024-06-21T20:24:40-07:00
2024/06/21 20:24:40 Starting secure server on :8080
2024/06/21 20:25:42 Server started at 2024-06-21T20:25:42-07:00
2024/06/21 20:25:42 Starting secure server on :8080
2024/06/21 20:29:40 Server started at 2024-06-21T20:29:40-07:00
2024/06/21 20:29:40 Starting secure server on :8080
2024/06/21 20:33:30 Server started at 2024-06-21T20:33:30-07:00
2024/06/21 20:33:30 Using certificate: /Users/abel_elreaper/Desktop/Omega-Code/servers/robot-controller-backend/certs/cert.pem
2024/06/21 20:33:30 Using key: /Users/abel_elreaper/Desktop/Omega-Code/servers/robot-controller-backend/certs/server.key
2024/06/21 20:33:30 Starting secure server on :8080
2024/06/21 20:35:18 Server started at 2024-06-21T20:35:18-07:00
2024/06/21 20:35:18 Using certificate: /Users/abel_elreaper/Desktop/Omega-Code/servers/robot-controller-backend/certs/cert.pem
2024/06/21 20:35:18 Using key: /Users/abel_elreaper/Desktop/Omega-Code/servers/robot-controller-backend/certs/server.key
2024/06/21 20:35:18 Starting secure server on :8080
2024/06/21 20:35:27 Received OPTIONS request from 127.0.0.1:62009
2024/06/21 20:35:27 Received POST request for /command from 127.0.0.1:62009
2024/06/21 20:35:27 Command received: move-up
2024/06/21 20:35:27 Unknown command: move-up
2024/06/21 20:35:27 Command executed: move-up
2024/06/21 20:35:29 Received POST request for /command from 127.0.0.1:62009
2024/06/21 20:35:29 Command received: move-right
2024/06/21 20:35:29 Unknown command: move-right
2024/06/21 20:35:29 Command executed: move-right
2024/06/21 20:35:29 Received POST request for /command from 127.0.0.1:62009
2024/06/21 20:35:29 Command received: move-down
2024/06/21 20:35:29 Unknown command: move-down
2024/06/21 20:35:29 Command executed: move-down
2024/06/21 20:35:29 Received POST request for /command from 127.0.0.1:62009
2024/06/21 20:35:29 Command received: move-down
2024/06/21 20:35:29 Unknown command: move-down
2024/06/21 20:35:29 Command executed: move-down
2024/06/21 20:35:30 Received POST request for /command from 127.0.0.1:62009
2024/06/21 20:35:30 Command received: move-left
2024/06/21 20:35:30 Unknown command: move-left
2024/06/21 20:35:30 Command executed: move-left
2024/06/21 20:35:31 Received POST request for /command from 127.0.0.1:62009
2024/06/21 20:35:31 Command received: servo-vertical
2024/06/21 20:35:31 Executing command: servo-vertical with angle: 10
2024/06/21 20:35:31 Error executing Python script: Traceback (most recent call last):
  File "/Users/abel_elreaper/Desktop/Omega-Code/servers/robot-controller-backend/servo_control.py", line 3, in <module>
    from PCA9685 import PCA9685
ModuleNotFoundError: No module named 'PCA9685'

2024/06/21 20:35:31 Command executed: servo-vertical
2024/06/21 20:35:31 Received POST request for /command from 127.0.0.1:62009
2024/06/21 20:35:31 Command received: servo-horizontal
2024/06/21 20:35:31 Executing command: servo-horizontal with angle: 10
2024/06/21 20:35:31 Error executing Python script: Traceback (most recent call last):
  File "/Users/abel_elreaper/Desktop/Omega-Code/servers/robot-controller-backend/servo_control.py", line 3, in <module>
    from PCA9685 import PCA9685
ModuleNotFoundError: No module named 'PCA9685'

2024/06/21 20:35:31 Command executed: servo-horizontal
2024/06/21 20:35:31 Received POST request for /command from 127.0.0.1:62009
2024/06/21 20:35:31 Command received: servo-horizontal
2024/06/21 20:35:31 Executing command: servo-horizontal with angle: -10
2024/06/21 20:35:31 Error executing Python script: Traceback (most recent call last):
  File "/Users/abel_elreaper/Desktop/Omega-Code/servers/robot-controller-backend/servo_control.py", line 3, in <module>
    from PCA9685 import PCA9685
ModuleNotFoundError: No module named 'PCA9685'

2024/06/21 20:35:31 Command executed: servo-horizontal
2024/06/21 20:35:32 Received OPTIONS request from 127.0.0.1:62009
2024/06/21 20:35:32 Received POST request for /command from 127.0.0.1:62009
2024/06/21 20:35:32 Command received: servo-vertical
2024/06/21 20:35:32 Executing command: servo-vertical with angle: -10
2024/06/21 20:35:32 Error executing Python script: Traceback (most recent call last):
  File "/Users/abel_elreaper/Desktop/Omega-Code/servers/robot-controller-backend/servo_control.py", line 3, in <module>
    from PCA9685 import PCA9685
ModuleNotFoundError: No module named 'PCA9685'

2024/06/21 20:35:32 Command executed: servo-vertical
2024/06/21 20:35:33 Received POST request for /command from 127.0.0.1:62009
2024/06/21 20:35:33 Command received: move-up
2024/06/21 20:35:33 Unknown command: move-up
2024/06/21 20:35:33 Command executed: move-up
2024/06/21 20:35:35 Received POST request for /command from 127.0.0.1:62009
2024/06/21 20:35:35 Command received: servo-vertical
2024/06/21 20:35:35 Executing command: servo-vertical with angle: 10
2024/06/21 20:35:35 Error executing Python script: Traceback (most recent call last):
  File "/Users/abel_elreaper/Desktop/Omega-Code/servers/robot-controller-backend/servo_control.py", line 3, in <module>
    from PCA9685 import PCA9685
ModuleNotFoundError: No module named 'PCA9685'

2024/06/21 20:35:35 Command executed: servo-vertical
2024/06/21 20:35:37 Received POST request for /command from 127.0.0.1:62009
2024/06/21 20:35:37 Command received: servo-vertical
2024/06/21 20:35:37 Executing command: servo-vertical with angle: 10
2024/06/21 20:35:37 Error executing Python script: Traceback (most recent call last):
  File "/Users/abel_elreaper/Desktop/Omega-Code/servers/robot-controller-backend/servo_control.py", line 3, in <module>
    from PCA9685 import PCA9685
ModuleNotFoundError: No module named 'PCA9685'

2024/06/21 20:35:37 Command executed: servo-vertical
2024/06/21 20:35:39 Received OPTIONS request from 127.0.0.1:62009
2024/06/21 20:35:39 Received POST request for /command from 127.0.0.1:62009
2024/06/21 20:35:39 Command received: servo-vertical
2024/06/21 20:35:39 Executing command: servo-vertical with angle: 10
2024/06/21 20:35:39 Error executing Python script: Traceback (most recent call last):
  File "/Users/abel_elreaper/Desktop/Omega-Code/servers/robot-controller-backend/servo_control.py", line 3, in <module>
    from PCA9685 import PCA9685
ModuleNotFoundError: No module named 'PCA9685'

2024/06/21 20:35:39 Command executed: servo-vertical
2024/06/21 20:35:41 Received POST request for /command from 127.0.0.1:62009
2024/06/21 20:35:41 Command received: servo-vertical
2024/06/21 20:35:41 Executing command: servo-vertical with angle: -10
2024/06/21 20:35:41 Error executing Python script: Traceback (most recent call last):
  File "/Users/abel_elreaper/Desktop/Omega-Code/servers/robot-controller-backend/servo_control.py", line 3, in <module>
    from PCA9685 import PCA9685
ModuleNotFoundError: No module named 'PCA9685'

2024/06/21 20:35:41 Command executed: servo-vertical
2024/06/21 20:35:42 Received POST request for /command from 127.0.0.1:62009
2024/06/21 20:35:42 Command received: servo-vertical
2024/06/21 20:35:42 Executing command: servo-vertical with angle: -10
2024/06/21 20:35:42 Error executing Python script: Traceback (most recent call last):
  File "/Users/abel_elreaper/Desktop/Omega-Code/servers/robot-controller-backend/servo_control.py", line 3, in <module>
    from PCA9685 import PCA9685
ModuleNotFoundError: No module named 'PCA9685'

2024/06/21 20:35:42 Command executed: servo-vertical
2024/06/21 20:35:44 Received POST request for /command from 127.0.0.1:62009
2024/06/21 20:35:44 Command received: servo-horizontal
2024/06/21 20:35:44 Executing command: servo-horizontal with angle: 10
2024/06/21 20:35:44 Error executing Python script: Traceback (most recent call last):
  File "/Users/abel_elreaper/Desktop/Omega-Code/servers/robot-controller-backend/servo_control.py", line 3, in <module>
    from PCA9685 import PCA9685
ModuleNotFoundError: No module named 'PCA9685'

2024/06/21 20:35:44 Command executed: servo-horizontal
2024/06/21 20:35:46 Received OPTIONS request from 127.0.0.1:62009
2024/06/21 20:35:46 Received POST request for /command from 127.0.0.1:62009
2024/06/21 20:35:46 Command received: servo-horizontal
2024/06/21 20:35:46 Executing command: servo-horizontal with angle: -10
2024/06/21 20:35:46 Error executing Python script: Traceback (most recent call last):
  File "/Users/abel_elreaper/Desktop/Omega-Code/servers/robot-controller-backend/servo_control.py", line 3, in <module>
    from PCA9685 import PCA9685
ModuleNotFoundError: No module named 'PCA9685'

2024/06/21 20:35:46 Command executed: servo-horizontal
2024/06/21 20:35:47 Received POST request for /command from 127.0.0.1:62009
2024/06/21 20:35:47 Command received: servo-horizontal
2024/06/21 20:35:47 Executing command: servo-horizontal with angle: 10
2024/06/21 20:35:47 Error executing Python script: Traceback (most recent call last):
  File "/Users/abel_elreaper/Desktop/Omega-Code/servers/robot-controller-backend/servo_control.py", line 3, in <module>
    from PCA9685 import PCA9685
ModuleNotFoundError: No module named 'PCA9685'

2024/06/21 20:35:47 Command executed: servo-horizontal
2024/06/21 20:35:49 Received POST request for /command from 127.0.0.1:62009
2024/06/21 20:35:49 Command received: servo-horizontal
2024/06/21 20:35:49 Executing command: servo-horizontal with angle: 10
2024/06/21 20:35:49 Error executing Python script: Traceback (most recent call last):
  File "/Users/abel_elreaper/Desktop/Omega-Code/servers/robot-controller-backend/servo_control.py", line 3, in <module>
    from PCA9685 import PCA9685
ModuleNotFoundError: No module named 'PCA9685'

2024/06/21 20:35:49 Command executed: servo-horizontal
2024/06/21 20:35:50 Received POST request for /command from 127.0.0.1:62009
2024/06/21 20:35:50 Command received: increase-speed
2024/06/21 20:35:50 Unknown command: increase-speed
2024/06/21 20:35:50 Command executed: increase-speed
2024/06/21 20:35:51 Received OPTIONS request from 127.0.0.1:62009
2024/06/21 20:35:51 Received POST request for /command from 127.0.0.1:62009
2024/06/21 20:35:51 Command received: increase-speed
2024/06/21 20:35:51 Unknown command: increase-speed
2024/06/21 20:35:51 Command executed: increase-speed
2024/06/21 20:35:51 Received POST request for /command from 127.0.0.1:62009
2024/06/21 20:35:51 Command received: increase-speed
2024/06/21 20:35:51 Unknown command: increase-speed
2024/06/21 20:35:51 Command executed: increase-speed
2024/06/21 20:35:52 Received POST request for /command from 127.0.0.1:62009
2024/06/21 20:35:52 Command received: increase-speed
2024/06/21 20:35:52 Unknown command: increase-speed
2024/06/21 20:35:52 Command executed: increase-speed
2024/06/21 20:35:52 Received POST request for /command from 127.0.0.1:62009
2024/06/21 20:35:52 Command received: increase-speed
2024/06/21 20:35:52 Unknown command: increase-speed
2024/06/21 20:35:52 Command executed: increase-speed
2024/06/21 20:35:52 Received POST request for /command from 127.0.0.1:62009
2024/06/21 20:35:52 Command received: decrease-speed
2024/06/21 20:35:52 Unknown command: decrease-speed
2024/06/21 20:35:52 Command executed: decrease-speed
2024/06/21 20:35:52 Received POST request for /command from 127.0.0.1:62009
2024/06/21 20:35:52 Command received: decrease-speed
2024/06/21 20:35:52 Unknown command: decrease-speed
2024/06/21 20:35:52 Command executed: decrease-speed
2024/06/21 20:35:52 Received POST request for /command from 127.0.0.1:62009
2024/06/21 20:35:52 Command received: decrease-speed
2024/06/21 20:35:52 Unknown command: decrease-speed
2024/06/21 20:35:52 Command executed: decrease-speed
2024/06/21 20:35:53 Received POST request for /command from 127.0.0.1:62009
2024/06/21 20:35:53 Command received: decrease-speed
2024/06/21 20:35:53 Unknown command: decrease-speed
2024/06/21 20:35:53 Command executed: decrease-speed
2024/06/21 20:35:53 Received POST request for /command from 127.0.0.1:62009
2024/06/21 20:35:53 Command received: decrease-speed
2024/06/21 20:35:53 Unknown command: decrease-speed
2024/06/21 20:35:53 Command executed: decrease-speed
2024/06/21 20:35:53 Received POST request for /command from 127.0.0.1:62009
2024/06/21 20:35:53 Command received: honk
2024/06/21 20:35:53 Unknown command: honk
2024/06/21 20:35:53 Command executed: honk
2024/06/21 20:35:53 Received POST request for /command from 127.0.0.1:62009
2024/06/21 20:35:53 Command received: honk
2024/06/21 20:35:53 Unknown command: honk
2024/06/21 20:35:53 Command executed: honk
2024/06/21 20:35:54 Received POST request for /command from 127.0.0.1:62009
2024/06/21 20:35:54 Command received: honk
2024/06/21 20:35:54 Unknown command: honk
2024/06/21 20:35:54 Command executed: honk
2024/06/21 20:35:54 Received POST request for /command from 127.0.0.1:62009
2024/06/21 20:35:54 Command received: honk
2024/06/21 20:35:54 Unknown command: honk
2024/06/21 20:35:54 Command executed: honk
2024/06/21 20:35:55 Received POST request for /command from 127.0.0.1:62009
2024/06/21 20:35:55 Command received: honk
2024/06/21 20:35:55 Unknown command: honk
2024/06/21 20:35:55 Command executed: honk
2024/06/21 20:35:55 Received POST request for /command from 127.0.0.1:62009
2024/06/21 20:35:55 Command received: honk
2024/06/21 20:35:55 Unknown command: honk
2024/06/21 20:35:55 Command executed: honk
2024/06/21 20:35:55 Received POST request for /command from 127.0.0.1:62009
2024/06/21 20:35:55 Command received: honk
2024/06/21 20:35:55 Unknown command: honk
2024/06/21 20:35:55 Command executed: honk
2024/06/21 20:35:55 Received POST request for /command from 127.0.0.1:62009
2024/06/21 20:35:55 Command received: honk
2024/06/21 20:35:55 Unknown command: honk
2024/06/21 20:35:55 Command executed: honk
2024/06/21 20:35:55 Received POST request for /command from 127.0.0.1:62009
2024/06/21 20:35:55 Command received: honk
2024/06/21 20:35:55 Unknown command: honk
2024/06/21 20:35:55 Command executed: honk
2024/06/21 20:35:55 Received POST request for /command from 127.0.0.1:62009
2024/06/21 20:35:55 Command received: honk
2024/06/21 20:35:55 Unknown command: honk
2024/06/21 20:35:55 Command executed: honk
2024/06/21 20:35:56 Received POST request for /command from 127.0.0.1:62009
2024/06/21 20:35:56 Command received: honk
2024/06/21 20:35:56 Unknown command: honk
2024/06/21 20:35:56 Command executed: honk
2024/06/21 20:35:56 Received POST request for /command from 127.0.0.1:62009
2024/06/21 20:35:56 Command received: honk
2024/06/21 20:35:56 Unknown command: honk
2024/06/21 20:35:56 Command executed: honk
2024/06/21 20:35:56 Received POST request for /command from 127.0.0.1:62009
2024/06/21 20:35:56 Received POST request for /command from 127.0.0.1:62009
2024/06/21 20:35:56 Command received: honk
2024/06/21 20:35:56 Unknown command: honk
2024/06/21 20:35:56 Command executed: honk
2024/06/21 20:35:56 Command received: honk
2024/06/21 20:35:56 Unknown command: honk
2024/06/21 20:35:56 Command executed: honk
2024/06/21 20:35:57 Received OPTIONS request from 127.0.0.1:62009
2024/06/21 20:35:57 Received OPTIONS request from 127.0.0.1:62009
2024/06/21 20:35:57 Received POST request for /command from 127.0.0.1:62009
2024/06/21 20:35:57 Command received: honk
2024/06/21 20:35:57 Unknown command: honk
2024/06/21 20:35:57 Command executed: honk
2024/06/21 20:35:57 Received POST request for /command from 127.0.0.1:62009
2024/06/21 20:35:57 Command received: honk
2024/06/21 20:35:57 Unknown command: honk
2024/06/21 20:35:57 Command executed: honk
2024/06/21 20:35:58 Received POST request for /command from 127.0.0.1:62009
2024/06/21 20:35:58 Received POST request for /command from 127.0.0.1:62009
2024/06/21 20:35:58 Command received: honk
2024/06/21 20:35:58 Unknown command: honk
2024/06/21 20:35:58 Command executed: honk
2024/06/21 20:35:58 Command received: honk
2024/06/21 20:35:58 Unknown command: honk
2024/06/21 20:35:58 Command executed: honk
2024/06/21 20:35:58 Received POST request for /command from 127.0.0.1:62009
2024/06/21 20:35:58 Command received: increase-speed
2024/06/21 20:35:58 Unknown command: increase-speed
2024/06/21 20:35:58 Command executed: increase-speed
2024/06/21 20:35:58 Received POST request for /command from 127.0.0.1:62009
2024/06/21 20:35:58 Command received: decrease-speed
2024/06/21 20:35:58 Unknown command: decrease-speed
2024/06/21 20:35:58 Command executed: decrease-speed
2024/06/21 20:35:58 Received POST request for /command from 127.0.0.1:62009
2024/06/21 20:35:58 Command received: increase-speed
2024/06/21 20:35:58 Unknown command: increase-speed
2024/06/21 20:35:58 Command executed: increase-speed
2024/06/21 20:35:58 Received POST request for /command from 127.0.0.1:62009
2024/06/21 20:35:58 Command received: decrease-speed
2024/06/21 20:35:58 Unknown command: decrease-speed
2024/06/21 20:35:58 Command executed: decrease-speed
2024/06/21 20:35:58 Received POST request for /command from 127.0.0.1:62009
2024/06/21 20:35:58 Command received: increase-speed
2024/06/21 20:35:58 Unknown command: increase-speed
2024/06/21 20:35:58 Command executed: increase-speed
2024/06/21 20:35:58 Received POST request for /command from 127.0.0.1:62009
2024/06/21 20:35:58 Command received: honk
2024/06/21 20:35:58 Unknown command: honk
2024/06/21 20:35:58 Command executed: honk
2024/06/21 20:35:58 Received POST request for /command from 127.0.0.1:62009
2024/06/21 20:35:58 Command received: honk
2024/06/21 20:35:58 Unknown command: honk
2024/06/21 20:35:58 Command executed: honk
2024/06/21 20:35:59 Received POST request for /command from 127.0.0.1:62009
2024/06/21 20:35:59 Command received: increase-speed
2024/06/21 20:35:59 Unknown command: increase-speed
2024/06/21 20:35:59 Command executed: increase-speed
2024/06/21 20:35:59 Received POST request for /command from 127.0.0.1:62009
2024/06/21 20:35:59 Command received: decrease-speed
2024/06/21 20:35:59 Unknown command: decrease-speed
2024/06/21 20:35:59 Command executed: decrease-speed
2024/06/21 20:35:59 Received POST request for /command from 127.0.0.1:62009
2024/06/21 20:35:59 Command received: increase-speed
2024/06/21 20:35:59 Unknown command: increase-speed
2024/06/21 20:35:59 Command executed: increase-speed
2024/06/21 20:35:59 Received POST request for /command from 127.0.0.1:62009
2024/06/21 20:35:59 Command received: decrease-speed
2024/06/21 20:35:59 Unknown command: decrease-speed
2024/06/21 20:35:59 Command executed: decrease-speed
2024/06/21 20:35:59 Received POST request for /command from 127.0.0.1:62009
2024/06/21 20:35:59 Command received: increase-speed
2024/06/21 20:35:59 Unknown command: increase-speed
2024/06/21 20:35:59 Command executed: increase-speed
2024/06/21 20:35:59 Received POST request for /command from 127.0.0.1:62009
2024/06/21 20:35:59 Command received: decrease-speed
2024/06/21 20:35:59 Unknown command: decrease-speed
2024/06/21 20:35:59 Command executed: decrease-speed
2024/06/21 20:35:59 Received POST request for /command from 127.0.0.1:62009
2024/06/21 20:35:59 Command received: honk
2024/06/21 20:35:59 Unknown command: honk
2024/06/21 20:35:59 Command executed: honk
2024/06/21 20:35:59 Received POST request for /command from 127.0.0.1:62009
2024/06/21 20:35:59 Command received: honk
2024/06/21 20:35:59 Unknown command: honk
2024/06/21 20:35:59 Command executed: honk
2024/06/21 20:36:02 Received POST request for /command from 127.0.0.1:62009
2024/06/21 20:36:02 Command received: {"command":"set-led","color":"#ffffff","mode":"single","pattern":"static"}
2024/06/21 20:36:02 Unknown command: {"command":"set-led","color":"#ffffff","mode":"single","pattern":"static"}
2024/06/21 20:36:02 Command executed: {"command":"set-led","color":"#ffffff","mode":"single","pattern":"static"}
2024/06/21 20:36:02 Received OPTIONS request from 127.0.0.1:62009
2024/06/21 20:36:02 Received POST request for /command from 127.0.0.1:62009
2024/06/21 20:36:02 Command received: {"command":"set-led","color":"#ffffff","mode":"single","pattern":"static"}
2024/06/21 20:36:02 Unknown command: {"command":"set-led","color":"#ffffff","mode":"single","pattern":"static"}
2024/06/21 20:36:02 Command executed: {"command":"set-led","color":"#ffffff","mode":"single","pattern":"static"}
2024/06/21 20:36:03 Received POST request for /command from 127.0.0.1:62009
2024/06/21 20:36:03 Received POST request for /command from 127.0.0.1:62009
2024/06/21 20:36:03 Command received: honk
2024/06/21 20:36:03 Unknown command: honk
2024/06/21 20:36:03 Command executed: honk
2024/06/21 20:36:03 Command received: honk
2024/06/21 20:36:03 Unknown command: honk
2024/06/21 20:36:03 Command executed: honk
2024/06/21 20:36:03 Received POST request for /command from 127.0.0.1:62009
2024/06/21 20:36:03 Command received: {"command":"set-led","color":"#ffffff","mode":"single","pattern":"static"}
2024/06/21 20:36:03 Unknown command: {"command":"set-led","color":"#ffffff","mode":"single","pattern":"static"}
2024/06/21 20:36:03 Command executed: {"command":"set-led","color":"#ffffff","mode":"single","pattern":"static"}
2024/06/21 20:36:06 Received POST request for /command from 127.0.0.1:62009
2024/06/21 20:36:06 Command received: honk
2024/06/21 20:36:06 Unknown command: honk
2024/06/21 20:36:06 Command executed: honk
2024/06/21 20:36:06 Received POST request for /command from 127.0.0.1:62009
2024/06/21 20:36:06 Command received: honk
2024/06/21 20:36:06 Unknown command: honk
2024/06/21 20:36:06 Command executed: honk
2024/06/21 20:49:10 Server started at 2024-06-21T20:49:10-07:00
2024/06/21 20:49:10 Using certificate: /Users/abel_elreaper/Desktop/Omega-Code/servers/robot-controller-backend/certs/cert.pem
2024/06/21 20:49:10 Using key: /Users/abel_elreaper/Desktop/Omega-Code/servers/robot-controller-backend/certs/server.key
2024/06/21 20:49:10 Starting secure server on :8080
2024/06/21 20:49:25 Received OPTIONS request from 127.0.0.1:63693
2024/06/21 20:49:25 Received POST request for /command from 127.0.0.1:63693
2024/06/21 20:49:25 Command received: move-up
2024/06/21 20:49:25 Unknown command: move-up
2024/06/21 20:49:25 Command executed: move-up
2024/06/21 20:49:34 Received OPTIONS request from 127.0.0.1:63693
2024/06/21 20:49:34 Received POST request for /command from 127.0.0.1:63693
2024/06/21 20:49:34 Command received: move-up
2024/06/21 20:49:34 Unknown command: move-up
2024/06/21 20:49:34 Command executed: move-up
2024/06/21 20:49:42 Received OPTIONS request from 127.0.0.1:63693
2024/06/21 20:49:42 Received POST request for /command from 127.0.0.1:63693
2024/06/21 20:49:42 Command received: move-up
2024/06/21 20:49:42 Unknown command: move-up
2024/06/21 20:49:42 Command executed: move-up
2024/06/21 20:49:43 Received POST request for /command from 127.0.0.1:63693
2024/06/21 20:49:43 Command received: move-down
2024/06/21 20:49:43 Unknown command: move-down
2024/06/21 20:49:43 Command executed: move-down
2024/06/21 20:49:44 Received POST request for /command from 127.0.0.1:63693
2024/06/21 20:49:44 Command received: move-right
2024/06/21 20:49:44 Unknown command: move-right
2024/06/21 20:49:44 Command executed: move-right
2024/06/21 20:49:44 Received POST request for /command from 127.0.0.1:63693
2024/06/21 20:49:44 Command received: move-left
2024/06/21 20:49:44 Unknown command: move-left
2024/06/21 20:49:44 Command executed: move-left
2024/06/21 20:49:46 Received POST request for /command from 127.0.0.1:63693
2024/06/21 20:49:46 Command received: increase-speed
2024/06/21 20:49:46 Unknown command: increase-speed
2024/06/21 20:49:46 Command executed: increase-speed
2024/06/21 20:49:46 Received POST request for /command from 127.0.0.1:63693
2024/06/21 20:49:46 Command received: decrease-speed
2024/06/21 20:49:46 Unknown command: decrease-speed
2024/06/21 20:49:46 Command executed: decrease-speed
2024/06/21 20:49:46 Received POST request for /command from 127.0.0.1:63693
2024/06/21 20:49:46 Command received: increase-speed
2024/06/21 20:49:46 Unknown command: increase-speed
2024/06/21 20:49:46 Command executed: increase-speed
2024/06/21 20:49:47 Received POST request for /command from 127.0.0.1:63693
2024/06/21 20:49:47 Command received: honk
2024/06/21 20:49:47 Unknown command: honk
2024/06/21 20:49:47 Command executed: honk
2024/06/21 20:49:47 Received POST request for /command from 127.0.0.1:63693
2024/06/21 20:49:47 Command received: honk
2024/06/21 20:49:47 Unknown command: honk
2024/06/21 20:49:47 Command executed: honk
2024/06/21 20:49:48 Received OPTIONS request from 127.0.0.1:63693
2024/06/21 20:49:48 Received POST request for /command from 127.0.0.1:63693
2024/06/21 20:49:48 Command received: servo-vertical
2024/06/21 20:49:48 Executing command: servo-vertical with angle: 10
2024/06/21 20:49:48 Error executing Python script: Traceback (most recent call last):
  File "/Users/abel_elreaper/Desktop/Omega-Code/servers/robot-controller-backend/servo_control.py", line 3, in <module>
    from PCA9685 import PCA9685
ModuleNotFoundError: No module named 'PCA9685'

2024/06/21 20:49:48 Command executed: servo-vertical
2024/06/21 20:49:48 Received POST request for /command from 127.0.0.1:63693
2024/06/21 20:49:48 Command received: servo-vertical
2024/06/21 20:49:48 Executing command: servo-vertical with angle: -10
2024/06/21 20:49:48 Error executing Python script: Traceback (most recent call last):
  File "/Users/abel_elreaper/Desktop/Omega-Code/servers/robot-controller-backend/servo_control.py", line 3, in <module>
    from PCA9685 import PCA9685
ModuleNotFoundError: No module named 'PCA9685'

2024/06/21 20:49:48 Command executed: servo-vertical
2024/06/21 20:49:49 Received POST request for /command from 127.0.0.1:63693
2024/06/21 20:49:49 Command received: servo-horizontal
2024/06/21 20:49:49 Executing command: servo-horizontal with angle: -10
2024/06/21 20:49:49 Error executing Python script: Traceback (most recent call last):
  File "/Users/abel_elreaper/Desktop/Omega-Code/servers/robot-controller-backend/servo_control.py", line 3, in <module>
    from PCA9685 import PCA9685
ModuleNotFoundError: No module named 'PCA9685'

2024/06/21 20:49:49 Command executed: servo-horizontal
2024/06/21 20:49:49 Received POST request for /command from 127.0.0.1:63693
2024/06/21 20:49:49 Command received: servo-horizontal
2024/06/21 20:49:49 Executing command: servo-horizontal with angle: 10
2024/06/21 20:49:49 Error executing Python script: Traceback (most recent call last):
  File "/Users/abel_elreaper/Desktop/Omega-Code/servers/robot-controller-backend/servo_control.py", line 3, in <module>
    from PCA9685 import PCA9685
ModuleNotFoundError: No module named 'PCA9685'

2024/06/21 20:49:49 Command executed: servo-horizontal
2024/06/21 20:51:02 Received OPTIONS request from 127.0.0.1:63693
2024/06/21 20:51:02 Received POST request for /command from 127.0.0.1:63693
2024/06/21 20:51:02 Command received: move-up
2024/06/21 20:51:02 Unknown command: move-up
2024/06/21 20:51:02 Command executed: move-up
2024/06/21 20:51:20 Server started at 2024-06-21T20:51:20-07:00
2024/06/21 20:51:20 Using certificate: /Users/abel_elreaper/Desktop/Omega-Code/servers/robot-controller-backend/certs/cert.pem
2024/06/21 20:51:20 Using key: /Users/abel_elreaper/Desktop/Omega-Code/servers/robot-controller-backend/certs/server.key
2024/06/21 20:51:20 Starting secure server on :8080
2024/06/21 20:54:22 Server started at 2024-06-21T20:54:22-07:00
2024/06/21 20:54:22 Using certificate: /Users/abel_elreaper/Desktop/Omega-Code/servers/robot-controller-backend/certs/cert.pem
2024/06/21 20:54:22 Using key: /Users/abel_elreaper/Desktop/Omega-Code/servers/robot-controller-backend/certs/server.key
2024/06/21 20:54:22 Starting secure server on :8080
2024/06/21 21:30:22 Server started at 2024-06-21T21:30:22-07:00
2024/06/21 21:30:22 Using certificate: /Users/abel_elreaper/Desktop/Omega-Code/servers/robot-controller-backend/certs/cert.pem
2024/06/21 21:30:22 Using key: /Users/abel_elreaper/Desktop/Omega-Code/servers/robot-controller-backend/certs/server.key
2024/06/21 21:30:22 Starting secure server on :8080
2024/06/21 21:32:30 Server started at 2024-06-21T21:32:30-07:00
2024/06/21 21:32:30 Using certificate: /Users/abel_elreaper/Desktop/Omega-Code/servers/robot-controller-backend/certs/cert.pem
2024/06/21 21:32:30 Using key: /Users/abel_elreaper/Desktop/Omega-Code/servers/robot-controller-backend/certs/server.key
2024/06/21 21:32:30 Starting secure server on :8080
2024/06/21 21:36:10 Server started at 2024-06-21T21:36:10-07:00
2024/06/21 21:36:10 Using certificate: /Users/abel_elreaper/Desktop/Omega-Code/servers/robot-controller-backend/certs/cert.pem
2024/06/21 21:36:10 Using key: /Users/abel_elreaper/Desktop/Omega-Code/servers/robot-controller-backend/certs/server.key
2024/06/21 21:36:10 Starting secure server on :8080
2024/06/21 21:37:25 Server started at 2024-06-21T21:37:25-07:00
2024/06/21 21:37:25 Using certificate: /Users/abel_elreaper/Desktop/Omega-Code/servers/robot-controller-backend/certs/cert.pem
2024/06/21 21:37:25 Using key: /Users/abel_elreaper/Desktop/Omega-Code/servers/robot-controller-backend/certs/server.key
2024/06/21 21:37:25 Starting secure server on :8080
2024/06/21 21:48:44 Server started at 2024-06-21T21:48:44-07:00
2024/06/21 21:48:44 Using certificate: /Users/abel_elreaper/Desktop/Omega-Code/servers/robot-controller-backend/certs/cert.pem
2024/06/21 21:48:44 Using key: /Users/abel_elreaper/Desktop/Omega-Code/servers/robot-controller-backend/certs/server.key
2024/06/21 21:48:44 Starting secure server on :8080
2024/06/21 21:50:55 Server started at 2024-06-21T21:50:55-07:00
2024/06/21 21:50:55 Using certificate: /Users/abel_elreaper/Desktop/Omega-Code/servers/robot-controller-backend/certs/cert.pem
2024/06/21 21:50:55 Using key: /Users/abel_elreaper/Desktop/Omega-Code/servers/robot-controller-backend/certs/server.key
2024/06/21 21:50:55 Starting secure server on :8080
2024/06/21 22:02:47 Server started at 2024-06-21T22:02:47-07:00
2024/06/21 22:02:47 Using certificate: /Users/abel_elreaper/Desktop/Omega-Code/servers/robot-controller-backend/certs/cert.pem
2024/06/21 22:02:47 Using key: /Users/abel_elreaper/Desktop/Omega-Code/servers/robot-controller-backend/certs/server.key
2024/06/21 22:02:47 Starting secure server on :8080
2024/06/21 22:02:47 Error starting server: listen tcp :8080: bind: address already in use
2024/06/21 22:02:54 Server started at 2024-06-21T22:02:54-07:00
2024/06/21 22:02:54 Using certificate: /Users/abel_elreaper/Desktop/Omega-Code/servers/robot-controller-backend/certs/cert.pem
2024/06/21 22:02:54 Using key: /Users/abel_elreaper/Desktop/Omega-Code/servers/robot-controller-backend/certs/server.key
2024/06/21 22:02:54 Starting secure server on :8080
2024/06/21 22:02:54 Error starting server: listen tcp :8080: bind: address already in use
2024/06/21 22:06:46 Server started at 2024-06-21T22:06:46-07:00
2024/06/21 22:06:46 .env file loaded successfully
2024/06/21 22:06:46 Using certificate: /Users/abel_elreaper/Desktop/Omega-Code/servers/robot-controller-backend/certs/cert.pem
2024/06/21 22:06:46 Using key: /Users/abel_elreaper/Desktop/Omega-Code/servers/robot-controller-backend/certs/server.key
2024/06/21 22:06:46 Starting secure server on :8080
2024/06/21 22:06:46 Error starting server: listen tcp :8080: bind: address already in use
